c:\users\eagle\dropbox\main\cheat\ayyware csgo\release\crc32.obj
c:\users\eagle\dropbox\main\cheat\ayyware csgo\release\esp.obj
c:\users\eagle\dropbox\main\cheat\ayyware csgo\release\mathfunctions.obj
c:\users\eagle\dropbox\main\cheat\ayyware csgo\release\ragebot.obj
c:\users\eagle\dropbox\main\cheat\ayyware csgo\release\autowall.obj
c:\users\eagle\dropbox\main\cheat\ayyware csgo\release\interfaces.obj
c:\users\eagle\dropbox\main\cheat\ayyware csgo\release\netvarmanager.obj
c:\users\eagle\dropbox\main\cheat\ayyware csgo\release\dllmain.obj
c:\users\eagle\dropbox\main\cheat\ayyware csgo\release\legitbot.obj
c:\users\eagle\dropbox\main\cheat\ayyware csgo\release\rendermanager.obj
c:\users\eagle\dropbox\main\cheat\ayyware csgo\release\window.obj
c:\users\eagle\dropbox\main\cheat\ayyware csgo\release\dumping.obj
c:\users\eagle\dropbox\main\cheat\ayyware csgo\release\hooks.obj
c:\users\eagle\dropbox\main\cheat\ayyware csgo\release\netvars.obj
c:\users\eagle\dropbox\main\cheat\ayyware csgo\release\visual.obj
c:\users\eagle\dropbox\main\cheat\ayyware csgo\release\antiantiaim.obj
c:\users\eagle\dropbox\main\cheat\ayyware csgo\release\metainfo.obj
c:\users\eagle\dropbox\main\cheat\ayyware csgo\release\spoofedconvar.obj
c:\users\eagle\dropbox\main\cheat\ayyware csgo\release\controls.obj
c:\users\eagle\dropbox\main\cheat\ayyware csgo\release\menu.obj
c:\users\eagle\dropbox\main\cheat\ayyware csgo\release\resolver.obj
c:\users\eagle\dropbox\main\cheat\ayyware csgo\release\chams.obj
c:\users\eagle\dropbox\main\cheat\ayyware csgo\release\hacks.obj
c:\users\eagle\dropbox\main\cheat\ayyware csgo\release\offsets.obj
c:\users\eagle\dropbox\main\cheat\ayyware csgo\release\utilities.obj
c:\users\eagle\dropbox\main\cheat\ayyware csgo\release\entities.obj
c:\users\eagle\dropbox\main\cheat\ayyware csgo\release\gui.obj
c:\users\eagle\dropbox\main\cheat\ayyware csgo\release\mischacks.obj
c:\users\eagle\dropbox\main\cheat\ayyware csgo\release\tinyxml2.obj
c:\users\eagle\dropbox\main\cheat\ayyware csgo\release\util functions.obj
c:\users\eagle\dropbox\main\cheat\ayyware csgo\release\vc140.pdb
c:\users\eagle\dropbox\main\cheat\ayyware csgo\release\complex.pdb
c:\users\eagle\dropbox\main\cheat\ayyware csgo\.\release\complex.dll
c:\users\eagle\dropbox\main\cheat\ayyware csgo\release\complex.tlog\cl.command.1.tlog
c:\users\eagle\dropbox\main\cheat\ayyware csgo\release\complex.tlog\cl.read.1.tlog
c:\users\eagle\dropbox\main\cheat\ayyware csgo\release\complex.tlog\cl.write.1.tlog
c:\users\eagle\dropbox\main\cheat\ayyware csgo\release\complex.tlog\link.command.1.tlog
c:\users\eagle\dropbox\main\cheat\ayyware csgo\release\complex.tlog\link.read.1.tlog
c:\users\eagle\dropbox\main\cheat\ayyware csgo\release\complex.tlog\link.write.1.tlog
